2024-08-01 10:15:23 [INFO] System started.
2024-08-01 10:16:45 [ERROR] Failed to connect to database.
2024-08-01 10:17:12 [WARNING] Low disk space on /dev/sda1.
2024-08-01 10:20:05 [DEBUG] User login: user1
2024-08-01 10:22:30 [INFO] Backup completed successfully.
2024-08-01 10:25:15 [ERROR] Timeout while accessing remote server.
2024-08-01 10:27:44 [INFO] Scheduled job executed.
2024-08-01 11:00:00 [CRITICAL] Kernel panic occurred.
2024-08-01 11:10:23 [INFO] System rebooted.
2024-08-01 11:15:45 [DEBUG] User logout: user1
2024-08-01 12:00:30 [ERROR] Out of memory.
2024-08-02 08:15:23 [INFO] System started.
2024-08-02 08:16:45 [ERROR] Failed to connect to database.
2024-08-02 08:17:12 [WARNING] Low disk space on /dev/sda1.
2024-08-02 08:20:05 [DEBUG] User login: user2
2024-08-02 08:22:30 [INFO] Backup completed successfully.
2024-08-02 08:25:15 [ERROR] Timeout while accessing remote server.
2024-08-02 08:27:44 [INFO] Scheduled job executed.
2024-08-02 09:00:00 [CRITICAL] Kernel panic occurred.
2024-08-02 09:10:23 [INFO] System rebooted.
2024-08-02 09:15:45 [DEBUG] User logout: user2
2024-08-02 10:00:30 [ERROR] Out of memory.
2024-08-03 08:15:23 [INFO] System started.
2024-08-03 08:16:45 [ERROR] Failed to connect to database.
2024-08-03 08:17:12 [WARNING] Low disk space on /dev/sda1.
2024-08-03 08:20:05 [DEBUG] User login: user3
2024-08-03 08:22:30 [INFO] Backup completed successfully.
2024-08-03 08:25:15 [ERROR] Timeout while accessing remote server.
2024-08-03 08:27:44 [INFO] Scheduled job executed.
2024-08-03 09:00:00 [CRITICAL] Kernel panic occurred.
2024-08-03 09:10:23 [INFO] System rebooted.
2024-08-03 09:15:45 [DEBUG] User logout: user3
2024-08-03 10:00:30 [ERROR] Out of memory.
