Script to be started 
--------------------------------
Fri Aug 30 15:14:59 IST 2024-All repositories have been made private.
Script to be started 
--------------------------------
Repository Devops-Interview-Notes made private successfully.
--------------------------------
Repository Boardgame made private successfully.
--------------------------------
Repository Shopping-Cart made private successfully.
--------------------------------
Repository dev-ops-challenge made private successfully.
--------------------------------
Repository Monitoring made private successfully.
--------------------------------
Repository secretsanta-generator made private successfully.
--------------------------------
Repository Data-Engineer-InterviewQuestions made private successfully.
--------------------------------
Repository ADF-Databricks-DeltaTables-ETL-Pipeline made private successfully.
--------------------------------
Repository Glue-Pyspark-Lambda-ETL-Pipeline made private successfully.
--------------------------------
Repository GCP-Pyspark-Airflow-Orders-Project made private successfully.
--------------------------------
Repository google-cloud-certifications made private successfully.
--------------------------------
Repository Terraform-Code made private successfully.
--------------------------------
Repository GCP-Devops-Project made private successfully.
--------------------------------
Repository github-actions-variables made private successfully.
--------------------------------
Repository github-actions-lab1-q1 made private successfully.
--------------------------------
Repository github-actions-artifacts-hands-on made private successfully.
--------------------------------
Repository hello-world-repo made private successfully.
--------------------------------
Repository TWSThreeTierAppChallenge made private successfully.
--------------------------------
Repository SQL-Practice made private successfully.
--------------------------------
Repository E-Commerce-Microservice-MonoRepo made private successfully.
--------------------------------
Repository Paytm-Wallet made private successfully.
--------------------------------
Repository TeeRex-Store made private successfully.
--------------------------------
Repository React-Machine-Coding made private successfully.
--------------------------------
Repository Harkirat-Assignments made private successfully.
--------------------------------
Repository Awesome-JavaScript-Interviews made private successfully.
--------------------------------
Repository StriverSDESheet made private successfully.
--------------------------------
Repository Food-Ordering-App-React made private successfully.
--------------------------------
Repository Password-Generator. made private successfully.
--------------------------------
Repository 100-Days-Css made private successfully.
--------------------------------
Repository E-Commerce-Full-Stack made private successfully.
--------------------------------
Fri Aug 30 15:15:41 IST 2024-All repositories have been made private.
Script to be started 
--------------------------------
Repository Devops-Interview-Notes made private successfully.
--------------------------------
Repository Boardgame made private successfully.
--------------------------------
Repository Shopping-Cart made private successfully.
--------------------------------
Repository dev-ops-challenge made private successfully.
--------------------------------
Repository Monitoring made private successfully.
--------------------------------
Repository secretsanta-generator made private successfully.
--------------------------------
Repository Data-Engineer-InterviewQuestions made private successfully.
--------------------------------
Repository ADF-Databricks-DeltaTables-ETL-Pipeline made private successfully.
--------------------------------
Repository Glue-Pyspark-Lambda-ETL-Pipeline made private successfully.
--------------------------------
Repository GCP-Pyspark-Airflow-Orders-Project made private successfully.
--------------------------------
Repository google-cloud-certifications made private successfully.
--------------------------------
Repository Terraform-Code made private successfully.
--------------------------------
Repository GCP-Devops-Project made private successfully.
--------------------------------
Repository github-actions-variables made private successfully.
--------------------------------
Repository github-actions-lab1-q1 made private successfully.
--------------------------------
Repository github-actions-artifacts-hands-on made private successfully.
--------------------------------
Repository hello-world-repo made private successfully.
--------------------------------
Repository TWSThreeTierAppChallenge made private successfully.
--------------------------------
Repository SQL-Practice made private successfully.
--------------------------------
Repository E-Commerce-Microservice-MonoRepo made private successfully.
--------------------------------
Repository Paytm-Wallet made private successfully.
--------------------------------
Repository TeeRex-Store made private successfully.
--------------------------------
Repository React-Machine-Coding made private successfully.
--------------------------------
Repository Harkirat-Assignments made private successfully.
--------------------------------
Repository Awesome-JavaScript-Interviews made private successfully.
--------------------------------
Repository StriverSDESheet made private successfully.
--------------------------------
Repository Food-Ordering-App-React made private successfully.
--------------------------------
Repository Password-Generator. made private successfully.
--------------------------------
Repository 100-Days-Css made private successfully.
--------------------------------
Repository E-Commerce-Full-Stack made private successfully.
--------------------------------
Fri Aug 30 15:19:00 IST 2024-All repositories have been made private.
Repository 100-Days-Css made private.
Repository 100XDEVS-Harkirat-Cohort-2 made private.
Repository ADF-Databricks-DeltaTables-ETL-Pipeline made private.
Repository assignments made private.
Repository Awesome-JavaScript-Interviews made private.
Repository Boardgame made private.
Repository Coding-Contest-Backend-Application-Object-Modelling made private.
Repository CommonAlgorithms made private.
Repository Core-Java-and-Spring-Framework-Notes made private.
Repository Counter-App made private.
Repository Course-App-Frontend made private.
Repository Course-Scheduling-Challenge-GeekTrust made private.
Repository CRIO-DO-DSASprints made private.
Repository CustomerService made private.
Repository Data-Engineer-InterviewQuestions made private.
Repository dev-ops-challenge made private.
Repository Devops-Interview-Notes made private.
Repository django_project_boilerplate made private.
Repository DSA-SupremeBatch-Love-Babbar made private.
Repository E-Commerce-Full-Stack made private.
Repository E-Commerce-Microservice-MonoRepo made private.
Repository Electronic-Store-Application made private.
Repository Food-Ordering-App-React made private.
Repository GCP-Devops-Project made private.
Repository GCP-Pyspark-Airflow-Orders-Project made private.
Repository git-interview-questions made private.
Repository github-actions-artifacts-hands-on made private.
Repository github-actions-lab1-q1 made private.
Repository github-actions-variables made private.
Repository Glue-Pyspark-Lambda-ETL-Pipeline made private.
Repository google-cloud-certifications made private.
Repository Harkirat-Assignments made private.
Repository Harkirat-Cohort-TodoApplication made private.
Repository hello-world-repo made private.
Repository InterviewNotes made private.
Repository JavaScript-Interview-Practice made private.
Repository Leetcode-Solutions made private.
Repository leetcode_solutions made private.
Repository LowLevelDesign made private.
Repository microservices-demo made private.
Repository Monitoring made private.
Repository NeetCode150 made private.
Repository Password-Generator. made private.
Repository Paytm-Wallet made private.
Repository ProductCatalogService made private.
Repository Python_ZTM made private.
Repository QMONEY_V2 made private.
Repository React-Machine-Coding made private.
Repository reactjs-interview-questions made private.
Repository secretsanta-generator made private.
Repository Shopping-Cart made private.
Repository spectrum made private.
Repository SQL-Practice made private.
Repository Striver-A-Z-DSA-SHEET made private.
Repository StriverSDESheet made private.
Repository System-Design-Notes made private.
Repository TeeRex-Store made private.
Repository Terraform-Code made private.
Repository Testimonial-Slider-React made private.
Repository TodoApplication made private.
Repository todos-express-password made private.
Repository Tour-Planner made private.
Repository TWSThreeTierAppChallenge made private.
Repository Web-Development-DOT-BATCH made private.
Repository XMEME made private.
All repositories have been made private.
